11:49:36: SMBaseBot->addChannel() :: DEBUG Joined #smokin_dice on SwiftIRC
11:49:36: SMBaseBot->addChannel() :: DEBUG Joined #sm_tournaments on SwiftIRC
11:49:36: SMBaseBot->addChannel() :: DEBUG Joined #sm_overunder on SwiftIRC
11:49:36: SMBaseBot->addChannel() :: DEBUG Joined #sm_roulette on SwiftIRC
11:49:36: SMBaseBot->addChannel() :: DEBUG Joined #sm_hosts on SwiftIRC
11:49:37: CheckIdentified->sendStatusRequest() :: DEBUG Checking the status of Unknown18035
11:49:37: CheckIdentified->sendStatusRequest() :: DEBUG Checking the status of Neymar-J_R|Sleeping
11:49:37: CheckIdentified->sendStatusRequest() :: DEBUG Checking the status of cjc
11:49:39: CheckIdentified->sendStatusRequest() :: DEBUG Checking the status of Unknown18035
11:49:41: CheckIdentified->sendStatusRequest() :: DEBUG Checking the status of cjc
11:49:44: CheckIdentified->sendStatusRequest() :: DEBUG Checking the status of cjc
11:49:44: CheckIdentified->sendStatusRequest() :: DEBUG Checking the status of Music-AFK
11:49:45: CheckIdentified->sendStatusRequest() :: DEBUG Checking the status of JReid2
11:49:46: CheckIdentified->sendStatusRequest() :: INFO: cjc identified
11:49:46: CheckIdentified->sendStatusRequest() :: INFO: cjc identified
11:49:46: CheckIdentified->sendStatusRequest() :: INFO: cjc identified
11:49:48: CheckIdentified->sendStatusRequest() :: INFO: Music-AFK identified
11:49:50: CheckIdentified->sendStatusRequest() :: DEBUG Checking the status of dse-zam0
11:49:50: CheckIdentified->sendStatusRequest() :: INFO: JReid2 identified
11:49:52: CheckIdentified->sendStatusRequest() :: INFO: dse-zam0 identified
11:50:14: CheckIdentified->sendStatusRequest() :: DEBUG Checking the status of hammerman25-8P1
11:50:14: CheckIdentified->sendStatusRequest() :: INFO: hammerman25-8P1 identified
