15:17:09: SMBaseBot->addChannel() :: DEBUG Joined #testeroo on SwiftIRC
15:17:09: SMBaseBot->addListener() :: DEBUG Added new listener for SwiftIRC
15:17:09: SMBaseBot->addListener() :: DEBUG Added new listener for SwiftIRC
15:17:09: SMBaseBot->addListener() :: DEBUG Added new listener for SwiftIRC
15:17:09: SMBaseBot->addListener() :: DEBUG Added new listener for SwiftIRC
15:17:09: Question->load() :: test3 has no question
15:17:09: Question->load() :: test4 has no answer
15:17:09: SMBaseBot->addListener() :: DEBUG Added new listener for SwiftIRC
15:17:09: SMBaseBot->addListener() :: DEBUG Added new listener for SwiftIRC
15:17:09: SMBaseBot->addListener() :: DEBUG Added new listener for SwiftIRC
15:17:09: SMBaseBot->addListener() :: DEBUG Added new listener for SwiftIRC
15:17:09: SMBaseBot->addListener() :: DEBUG Added new listener for SwiftIRC
15:17:09: SMBaseBot->addListener() :: DEBUG Added new listener for SwiftIRC
15:17:09: SMBaseBot->addListener() :: DEBUG Added new listener for SwiftIRC
15:17:09: CheckIdentified->checkIdentified() :: DEBUG Checking the status of JReid
15:17:10: CheckIdentified->sendStatusRequest() :: INFO: JReid identified
15:17:10: CheckIdentified->sendStatusRequest() :: INFO: JReid identified
15:17:14: CheckIdentified->checkIdentified() :: DEBUG Checking the status of GsKiki-VX9
15:17:15: CheckIdentified->sendStatusRequest() :: INFO: GsKiki-VX9 identified
15:17:15: CheckIdentified->sendStatusRequest() :: INFO: GsKiki-VX9 identified
15:17:16: CheckIdentified->checkIdentified() :: DEBUG Checking the status of SM_BOT2
15:18:25: CheckIdentified->checkIdentified() :: DEBUG Checking the status of JReid2
15:18:25: CheckIdentified->sendStatusRequest() :: INFO: JReid2 identified
15:18:25: CheckIdentified->sendStatusRequest() :: INFO: JReid2 identified
15:19:09: Competition->end() :: Exception: java.io.FileNotFoundException: comp_prizes.07 (The system cannot find the file specified)
15:19:09: Competition->end() :: java.io.FileNotFoundException: comp_prizes.07 (The system cannot find the file specified)
	at java.io.FileInputStream.open(Native Method)
	at java.io.FileInputStream.<init>(Unknown Source)
	at java.io.FileInputStream.<init>(Unknown Source)
	at java.io.FileReader.<init>(Unknown Source)
	at org.smokinmils.cashier.Competition.readPrizes(Competition.java:199)
	at org.smokinmils.cashier.Competition.announce(Competition.java:79)
	at org.smokinmils.cashier.Competition.run(Competition.java:70)
	at java.util.TimerThread.mainLoop(Unknown Source)
	at java.util.TimerThread.run(Unknown Source)

15:19:09: Competition->end() :: No data for 07
15:19:09: Competition->end() :: Exception: java.io.FileNotFoundException: comp_prizes.eoc (The system cannot find the file specified)
15:19:09: Competition->end() :: java.io.FileNotFoundException: comp_prizes.eoc (The system cannot find the file specified)
	at java.io.FileInputStream.open(Native Method)
	at java.io.FileInputStream.<init>(Unknown Source)
	at java.io.FileInputStream.<init>(Unknown Source)
	at java.io.FileReader.<init>(Unknown Source)
	at org.smokinmils.cashier.Competition.readPrizes(Competition.java:199)
	at org.smokinmils.cashier.Competition.announce(Competition.java:79)
	at org.smokinmils.cashier.Competition.run(Competition.java:70)
	at java.util.TimerThread.mainLoop(Unknown Source)
	at java.util.TimerThread.run(Unknown Source)

15:19:09: Competition->end() :: No data for eoc
15:19:09: Competition->end() :: Exception: java.io.FileNotFoundException: comp_prizes.play (The system cannot find the file specified)
15:19:09: Competition->end() :: java.io.FileNotFoundException: comp_prizes.play (The system cannot find the file specified)
	at java.io.FileInputStream.open(Native Method)
	at java.io.FileInputStream.<init>(Unknown Source)
	at java.io.FileInputStream.<init>(Unknown Source)
	at java.io.FileReader.<init>(Unknown Source)
	at org.smokinmils.cashier.Competition.readPrizes(Competition.java:199)
	at org.smokinmils.cashier.Competition.announce(Competition.java:79)
	at org.smokinmils.cashier.Competition.run(Competition.java:70)
	at java.util.TimerThread.mainLoop(Unknown Source)
	at java.util.TimerThread.run(Unknown Source)

15:19:09: Competition->end() :: No data for play
15:19:11: Competition->end() :: Not enough prizes for 07
15:19:12: Competition->end() :: Not enough prizes for eoc
15:19:14: Competition->end() :: Not enough prizes for play
