22:28:47: SMBaseBot->addChannel() :: DEBUG Joined #testeroo on SwiftIRC
22:28:47: SMBaseBot->addListener() :: DEBUG Added new listener for SwiftIRC
22:28:47: SMBaseBot->addListener() :: DEBUG Added new listener for SwiftIRC
22:28:47: SMBaseBot->addListener() :: DEBUG Added new listener for SwiftIRC
22:28:47: SMBaseBot->addListener() :: DEBUG Added new listener for SwiftIRC
22:28:47: CheckIdentified->sendStatusRequest() :: DEBUG Checking the status of SMCashier
22:28:48: CheckIdentified->sendStatusRequest() :: DEBUG Checking the status of cjc
22:28:48: CheckIdentified->sendStatusRequest() :: INFO: User(nick=cjc, realName=Unknown, login=~cjc, hostmask=55716D70.29422FC0.B5E7426E.IP, away=false, ircop=false, server=*.SwiftIRC.net, hops=0, bot=Version{SmokinMils Bot System 0.1} Connected{true} Server{irc.swiftirc.net} Port{6667} Password{null}, uuid=ad97fcf5-88d1-4dda-a5bf-01a0904b255f) identified
22:28:52: CheckIdentified->sendStatusRequest() :: DEBUG Checking the status of JReid
22:28:52: CheckIdentified->sendStatusRequest() :: INFO: User(nick=JReid, realName=IRcap[8.71] 7 www.ircap.net/int, login=~jrdev, hostmask=AA7F1AC2.D76869EC.80AE2375.IP, away=false, ircop=false, server=*.SwiftIRC.net, hops=0, bot=Version{SmokinMils Bot System 0.1} Connected{true} Server{irc.swiftirc.net} Port{6667} Password{null}, uuid=650701c1-e608-41f0-b0e4-df1ddb4b85d5) identified
22:29:06: Lobby->onGive() :: JReid attempted to give someone chips and the database failed
22:30:29: Lobby->onGive() :: JReid attempted to give someone chips and the database failed
22:33:00: Lobby->onGive() :: JReid attempted to give someone chips and the database failed
22:53:48: BetDetails->run() :: Exception: java.lang.NullPointerException
22:53:48: BetDetails->run() :: java.lang.NullPointerException
	at org.smokinmils.cashier.BetDetails.run(BetDetails.java:61)
	at java.util.TimerThread.mainLoop(Unknown Source)
	at java.util.TimerThread.run(Unknown Source)

22:53:50: BetDetails->run() :: Exception: java.lang.NullPointerException
22:53:50: BetDetails->run() :: java.lang.NullPointerException
	at org.smokinmils.cashier.BetDetails.run(BetDetails.java:61)
	at java.util.TimerThread.mainLoop(Unknown Source)
	at java.util.TimerThread.run(Unknown Source)

22:53:51: BetDetails->run() :: Exception: java.lang.NullPointerException
22:53:51: BetDetails->run() :: java.lang.NullPointerException
	at org.smokinmils.cashier.BetDetails.run(BetDetails.java:61)
	at java.util.TimerThread.mainLoop(Unknown Source)
	at java.util.TimerThread.run(Unknown Source)

