19:42:19: Database->restoreBets() :: INFO: Restoring any bets from crashes
19:42:23: GameBot->main() :: Fatal Exception: org.jibble.pircbot.NickAlreadyInUseException: :tripwire.uk.eu.SwiftIRC.net 433 * SM_Poker :Nickname is already in use.
19:42:41: Database->restoreBets() :: INFO: Restoring any bets from crashes
19:42:44: Client->newTable() :: INFO: Creating new table...
19:42:44: Client->newTable() :: INFO: Creating new table...
19:42:45: Client->newTable() :: INFO: Creating new table...
19:42:45: Client->newTable() :: INFO: Creating new table...
19:42:45: Client->newTable() :: INFO: Creating new table...
19:42:46: Client->newTable() :: INFO: Creating new table...
19:42:46: Client->newTable() :: INFO: Creating new table...
19:42:47: Client->newTable() :: INFO: Creating new table...
19:42:47: Client->newTable() :: INFO: Creating new table...
19:42:47: Table->joinedChannel() :: INFO: Bot joined a new table, giving and taking user modes on the channel
19:42:50: Table->joinedChannel() :: INFO: Bot joined a new table, giving and taking user modes on the channel
19:42:54: Table->joinedChannel() :: INFO: Bot joined a new table, giving and taking user modes on the channel
19:43:00: Table->joinedChannel() :: INFO: Bot joined a new table, giving and taking user modes on the channel
19:43:04: Table->joinedChannel() :: INFO: Bot joined a new table, giving and taking user modes on the channel
19:43:09: Table->joinedChannel() :: INFO: Bot joined a new table, giving and taking user modes on the channel
19:43:14: Table->joinedChannel() :: INFO: Bot joined a new table, giving and taking user modes on the channel
19:43:19: Table->joinedChannel() :: INFO: Bot joined a new table, giving and taking user modes on the channel
19:43:24: Table->joinedChannel() :: INFO: Bot joined a new table, giving and taking user modes on the channel
20:17:42: Client->newTable() :: INFO: Adding new player...
